<?xml version="1.0" encoding="UTF-8"?>
<!-- Generated by org.testng.reporters.JUnitXMLReporter -->
<testsuite hostname="dell-PC" ignored="0" name="Test" tests="4" failures="0" timestamp="17 Dec 2017 13:49:16 GMT" time="3.407" errors="0">
  <testcase name="@BeforeMethod setUp" time="0.0" classname="com.actitime.generic.BaseLib">
    <failure type="java.lang.IllegalStateException" message="The path to the driver executable must be set by the webdriver.gecko.driver system property; for more information, see https://github.com/mozilla/geckodriver. The latest version can be downloaded from https://github.com/mozilla/geckodriver/releases">
      <![CDATA[java.lang.IllegalStateException: The path to the driver executable must be set by the webdriver.gecko.driver system property; for more information, see https://github.com/mozilla/geckodriver. The latest version can be downloaded from https://github.com/mozilla/geckodriver/releases
	at com.google.common.base.Preconditions.checkState(Preconditions.java:754)
	at org.openqa.selenium.remote.service.DriverService.findExecutable(DriverService.java:124)
	at org.openqa.selenium.firefox.GeckoDriverService.access$100(GeckoDriverService.java:41)
	at org.openqa.selenium.firefox.GeckoDriverService$Builder.findDefaultExecutable(GeckoDriverService.java:115)
	at org.openqa.selenium.remote.service.DriverService$Builder.build(DriverService.java:329)
	at org.openqa.selenium.firefox.FirefoxDriver.toExecutor(FirefoxDriver.java:207)
	at org.openqa.selenium.firefox.FirefoxDriver.<init>(FirefoxDriver.java:103)
	at org.openqa.selenium.firefox.FirefoxDriver.<init>(FirefoxDriver.java:99)
	at com.actitime.generic.BaseLib.setUp(BaseLib.java:21)
... Removed 31 stack frames]]>
    </failure>
  </testcase> <!-- @BeforeMethod setUp -->
  <testcase name="@AfterMethod tearDown" time="0.0" classname="com.actitime.generic.BaseLib">
    <skipped/>
  </testcase> <!-- @AfterMethod tearDown -->
  <testcase name="@BeforeMethod setUp" time="0.0" classname="com.actitime.generic.BaseLib">
    <skipped/>
  </testcase> <!-- @BeforeMethod setUp -->
  <testcase name="@AfterMethod tearDown" time="0.0" classname="com.actitime.generic.BaseLib">
    <skipped/>
  </testcase> <!-- @AfterMethod tearDown -->
  <testcase name="@BeforeMethod setUp" time="0.0" classname="com.actitime.generic.BaseLib">
    <skipped/>
  </testcase> <!-- @BeforeMethod setUp -->
  <testcase name="@AfterMethod tearDown" time="0.0" classname="com.actitime.generic.BaseLib">
    <skipped/>
  </testcase> <!-- @AfterMethod tearDown -->
  <testcase name="@BeforeMethod setUp" time="0.0" classname="com.actitime.generic.BaseLib">
    <skipped/>
  </testcase> <!-- @BeforeMethod setUp -->
  <testcase name="@AfterMethod tearDown" time="0.0" classname="com.actitime.generic.BaseLib">
    <skipped/>
  </testcase> <!-- @AfterMethod tearDown -->
  <testcase name="createTask" time="0.002" classname="com.actitime.scripts.TasksTest">
    <skipped/>
  </testcase> <!-- createTask -->
  <testcase name="createCustomerTest" time="0.001" classname="com.actitime.scripts.TasksTest">
    <skipped/>
  </testcase> <!-- createCustomerTest -->
  <testcase name="deleteCustomer" time="0.0" classname="com.actitime.scripts.TasksTest">
    <skipped/>
  </testcase> <!-- deleteCustomer -->
  <testcase name="createNewUser" time="0.0" classname="com.actitime.scripts.TasksTest">
    <skipped/>
  </testcase> <!-- createNewUser -->
</testsuite> <!-- Test -->
